{"/home/anuraganalog/gmu/others/namaskaram-react/src/components/Contact.jsx": {"path":"/home/anuraganalog/gmu/others/namaskaram-react/src/components/Contact.jsx","statementMap":{"0":{"start":{"line":4,"column":4},"end":{"line":16,"column":5}}},"fnMap":{"0":{"name":"Contact","decl":{"start":{"line":3,"column":9},"end":{"line":3,"column":16}},"loc":{"start":{"line":3,"column":19},"end":{"line":17,"column":1}},"line":3}},"branchMap":{},"s":{"0":4},"f":{"0":4},"b":{},"_coverageSchema":"1a1c01bbd47fc00a2c39e90264f33305004495a9","hash":"ab2b8e4a7c6ffabff6e0261b74fc63edc15751bf"}
}
